<?xml version="1.0" encoding="UTF-8"?>
<testng-results ignored="0" total="1" passed="1" failed="0" skipped="0">
  <reporter-output>
  </reporter-output>
  <suite started-at="2023-08-19T11:19:51 IST" name="Default suite" finished-at="2023-08-19T11:19:51 IST" duration-ms="135">
    <groups>
    </groups>
    <test started-at="2023-08-19T11:19:51 IST" name="Default test" finished-at="2023-08-19T11:19:51 IST" duration-ms="135">
      <class name="tests.Apitest">
        <test-method signature="createUser()[pri:0, instance:tests.Apitest@2fb3536e]" started-at="2023-08-19T11:19:51 IST" name="createUser" finished-at="2023-08-19T11:19:51 IST" duration-ms="18" status="PASS">
          <reporter-output>
          </reporter-output>
        </test-method> <!-- createUser -->
      </class> <!-- tests.Apitest -->
    </test> <!-- Default test -->
  </suite> <!-- Default suite -->
</testng-results>
